<?xml version="1.0" encoding="UTF-8"?>
<!-- Generated by org.testng.reporters.JUnitReportReporter -->
<testsuite skipped="0" hostname="AP71745" name="com.auto.cloud.testcases.OracleCloudTestcase" tests="1" failures="0" timestamp="21 May 2020 03:10:16 GMT" time="6.091" errors="0">
  <testcase name="loginApplication" time="6.091" classname="com.auto.cloud.testcases.OracleCloudTestcase"/>
</testsuite> <!-- com.auto.cloud.testcases.OracleCloudTestcase -->
