<?xml version="1.0" encoding="UTF-8"?>
<!-- Generated by org.testng.reporters.JUnitReportReporter -->
<testsuite skipped="0" hostname="AP71745" name="com.auto.cloud.testcases.OracleCloudTestcase" tests="1" failures="0" timestamp="18 Jun 2020 05:10:25 GMT" time="35.851" errors="0">
  <testcase name="loginApplication" time="35.851" classname="com.auto.cloud.testcases.OracleCloudTestcase"/>
</testsuite> <!-- com.auto.cloud.testcases.OracleCloudTestcase -->
